<?xml version="1.0" encoding="UTF-8"?>
<robot generator="Robot 6.1.1 (Python 3.11.4 on win32)" generated="20230817 21:41:44.833" rpa="false" schemaversion="4">
<suite id="s1" name="TestCasesN11" source="C:\Users\PC\IdeaProjects\e2e_N11Robot\tests\TestCasesN11.robot">
<test id="s1-t1" name="N11 login ve urun sepete ekleme testi" line="8">
<kw name="N11 Anasayfaya Git" library="N11Page">
<kw name="Open Browser" library="SeleniumLibrary">
<arg>${DataN11.UrlN11}</arg>
<arg>firefox</arg>
<doc>Opens a new browser instance to the optional ``url``.</doc>
<msg timestamp="20230817 21:41:45.575" level="INFO">Opening browser 'firefox' to base url 'https://www.n11.com/'.</msg>
<status status="PASS" starttime="20230817 21:41:45.573" endtime="20230817 21:42:02.175"/>
</kw>
<kw name="Maximize Browser Window" library="SeleniumLibrary">
<doc>Maximizes current browser window.</doc>
<status status="PASS" starttime="20230817 21:42:02.179" endtime="20230817 21:42:02.444"/>
</kw>
<kw name="Set Selenium Implicit Wait" library="SeleniumLibrary">
<arg>10s</arg>
<doc>Sets the implicit wait value used by Selenium.</doc>
<status status="PASS" starttime="20230817 21:42:02.444" endtime="20230817 21:42:02.449"/>
</kw>
<status status="PASS" starttime="20230817 21:41:45.573" endtime="20230817 21:42:02.450"/>
</kw>
<kw name="N11 Giriş Yap" library="N11Page">
<kw name="Click Element" library="SeleniumLibrary">
<arg>${N11Locators.Girip_yap}</arg>
<doc>Click the element identified by ``locator``.</doc>
<msg timestamp="20230817 21:42:02.455" level="INFO">Clicking element '//a[@title='Giriş Yap']'.</msg>
<status status="PASS" starttime="20230817 21:42:02.451" endtime="20230817 21:42:05.757"/>
</kw>
<kw name="Input Text" library="SeleniumLibrary">
<arg>${N11Locators.Email_yeri}</arg>
<arg>${DataN11.EMAIL}</arg>
<doc>Types the given ``text`` into the text field identified by ``locator``.</doc>
<msg timestamp="20230817 21:42:05.759" level="INFO">Typing text 'teslarobot990@gmail.com' into text field 'css=#email'.</msg>
<status status="PASS" starttime="20230817 21:42:05.757" endtime="20230817 21:42:06.101"/>
</kw>
<kw name="Input Password" library="SeleniumLibrary">
<arg>${N11Locators.Sifre_yeri}</arg>
<arg>${DataN11.SIFRE}</arg>
<doc>Types the given password into the text field identified by ``locator``.</doc>
<msg timestamp="20230817 21:42:06.103" level="INFO">Typing password into text field 'css=#password'.</msg>
<msg timestamp="20230817 21:42:06.150" level="INFO">Temporally setting log level to: NONE</msg>
<msg timestamp="20230817 21:42:06.188" level="INFO">Log level changed from NONE to INFO.</msg>
<status status="PASS" starttime="20230817 21:42:06.102" endtime="20230817 21:42:06.188"/>
</kw>
<kw name="Click Element" library="SeleniumLibrary">
<arg>${N11Locators.Login_butonu}</arg>
<doc>Click the element identified by ``locator``.</doc>
<msg timestamp="20230817 21:42:06.190" level="INFO">Clicking element 'id=loginButton'.</msg>
<status status="PASS" starttime="20230817 21:42:06.188" endtime="20230817 21:42:07.574"/>
</kw>
<status status="PASS" starttime="20230817 21:42:02.450" endtime="20230817 21:42:07.575"/>
</kw>
<status status="PASS" starttime="20230817 21:41:45.572" endtime="20230817 21:42:07.575"/>
</test>
<test id="s1-t2" name="Urun sepete ekleme" line="12">
<kw name="Urun Arama" library="N11Page">
<kw name="Input Text" library="SeleniumLibrary">
<arg>${N11Locators.Arama_yeri}</arg>
<arg>${DataN11.ARANACAK_KELIME}</arg>
<doc>Types the given ``text`` into the text field identified by ``locator``.</doc>
<msg timestamp="20230817 21:42:07.579" level="INFO">Typing text 'Dupont 16186 Murder Çakmak ' into text field 'xpath=//input[@id='searchData']'.</msg>
<status status="PASS" starttime="20230817 21:42:07.577" endtime="20230817 21:42:08.497"/>
</kw>
<kw name="Click Element" library="SeleniumLibrary">
<arg>${N11Locators.Arama_Butonu}</arg>
<doc>Click the element identified by ``locator``.</doc>
<msg timestamp="20230817 21:42:08.499" level="INFO">Clicking element 'css=.iconsSearch'.</msg>
<status status="PASS" starttime="20230817 21:42:08.498" endtime="20230817 21:42:12.120"/>
</kw>
<kw name="Title Should Be" library="SeleniumLibrary">
<arg>${DataN11.Expected_title}</arg>
<doc>Verifies that the current page title equals ``title``.</doc>
<msg timestamp="20230817 21:42:12.132" level="INFO">Page title is 'Dupont 16186 Murder Çakmak - n11.com'.</msg>
<status status="PASS" starttime="20230817 21:42:12.120" endtime="20230817 21:42:12.133"/>
</kw>
<kw name="Click Element" library="SeleniumLibrary">
<arg>${N11Locators.Sepete_ekle}</arg>
<doc>Click the element identified by ``locator``.</doc>
<msg timestamp="20230817 21:42:12.135" level="INFO">Clicking element 'xpath=//span[@class='btnBasket']'.</msg>
<status status="PASS" starttime="20230817 21:42:12.133" endtime="20230817 21:42:12.626"/>
</kw>
<kw name="Click Element" library="SeleniumLibrary">
<arg>${N11Locators.Sepet_butonu}</arg>
<doc>Click the element identified by ``locator``.</doc>
<msg timestamp="20230817 21:42:12.629" level="INFO">Clicking element 'css=.iconsBasketWhite'.</msg>
<status status="PASS" starttime="20230817 21:42:12.626" endtime="20230817 21:42:19.349"/>
</kw>
<status status="PASS" starttime="20230817 21:42:07.577" endtime="20230817 21:42:19.349"/>
</kw>
<status status="PASS" starttime="20230817 21:42:07.576" endtime="20230817 21:42:19.350"/>
</test>
<status status="PASS" starttime="20230817 21:41:44.863" endtime="20230817 21:42:19.352"/>
</suite>
<statistics>
<total>
<stat pass="2" fail="0" skip="0">All Tests</stat>
</total>
<tag>
</tag>
<suite>
<stat pass="2" fail="0" skip="0" id="s1" name="TestCasesN11">TestCasesN11</stat>
</suite>
</statistics>
<errors>
</errors>
</robot>
